<?xml version="1.0" encoding="UTF-8"?>
<robot generator="Robot 4.1.3 (Python 3.7.5 on win32)" generated="20220421 10:05:13.643" rpa="true" schemaversion="2">
<suite id="s1" name="Tasks" source="c:\Users\Autohost-node2\Desktop\Robots\bkav-invoice-collector\tasks.robot">
<test id="s1-t1" name="Collecting BKAV Invoice Files">
<kw name="Create Directory" library="OperatingSystem">
<arg>${DOWNLOAD_FOLDER}</arg>
<doc>Creates the specified directory.</doc>
<msg timestamp="20220421 10:05:15.182" level="INFO" html="true">Created directory '&lt;a href="file://C:\Users\Autohost-node2\Desktop\Robots\bkav-invoice-collector\download"&gt;C:\Users\Autohost-node2\Desktop\Robots\bkav-invoice-collector\download&lt;/a&gt;'.</msg>
<status status="PASS" starttime="20220421 10:05:15.181" endtime="20220421 10:05:15.192"/>
</kw>
<kw name="Remove File" library="OperatingSystem">
<arg>${DOWNLOAD_FOLDER}${/}*.pdf</arg>
<doc>Removes a file with the given path.</doc>
<msg timestamp="20220421 10:05:15.195" level="INFO" html="true">File '&lt;a href="file://C:\Users\Autohost-node2\Desktop\Robots\bkav-invoice-collector\download\*.pdf"&gt;C:\Users\Autohost-node2\Desktop\Robots\bkav-invoice-collector\download\*.pdf&lt;/a&gt;' does not exist.</msg>
<status status="PASS" starttime="20220421 10:05:15.193" endtime="20220421 10:05:15.196"/>
</kw>
<kw name="Remove File" library="OperatingSystem">
<arg>${DOWNLOAD_FOLDER}${/}*.xml</arg>
<doc>Removes a file with the given path.</doc>
<msg timestamp="20220421 10:05:15.198" level="INFO" html="true">File '&lt;a href="file://C:\Users\Autohost-node2\Desktop\Robots\bkav-invoice-collector\download\*.xml"&gt;C:\Users\Autohost-node2\Desktop\Robots\bkav-invoice-collector\download\*.xml&lt;/a&gt;' does not exist.</msg>
<status status="PASS" starttime="20220421 10:05:15.197" endtime="20220421 10:05:15.198"/>
</kw>
<kw name="Remove File" library="OperatingSystem">
<arg>${DOWNLOAD_FOLDER}${/}*.png</arg>
<doc>Removes a file with the given path.</doc>
<msg timestamp="20220421 10:05:15.199" level="INFO" html="true">File '&lt;a href="file://C:\Users\Autohost-node2\Desktop\Robots\bkav-invoice-collector\download\*.png"&gt;C:\Users\Autohost-node2\Desktop\Robots\bkav-invoice-collector\download\*.png&lt;/a&gt;' does not exist.</msg>
<status status="PASS" starttime="20220421 10:05:15.198" endtime="20220421 10:05:15.199"/>
</kw>
<kw name="Remove File" library="OperatingSystem">
<arg>${DOWNLOAD_FOLDER}${/}*.crdownload</arg>
<doc>Removes a file with the given path.</doc>
<msg timestamp="20220421 10:05:15.201" level="INFO" html="true">File '&lt;a href="file://C:\Users\Autohost-node2\Desktop\Robots\bkav-invoice-collector\download\*.crdownload"&gt;C:\Users\Autohost-node2\Desktop\Robots\bkav-invoice-collector\download\*.crdownload&lt;/a&gt;' does not exist.</msg>
<status status="PASS" starttime="20220421 10:05:15.200" endtime="20220421 10:05:15.201"/>
</kw>
<kw name="Get In Arg" library="DOP.RPA.ProcessArgument">
<var>${INVOICE_FILE}</var>
<arg>invoiceFile</arg>
<msg timestamp="20220421 10:05:15.206" level="INFO">Resolving path: devdata\args.json</msg>
<msg timestamp="20220421 10:05:15.208" level="INFO">${INVOICE_FILE} = {'name': 'invoiceFile', 'type': 'File', 'direction': 'IN', 'value': 'input\\4.jpg', 'required': False}</msg>
<status status="PASS" starttime="20220421 10:05:15.203" endtime="20220421 10:05:15.208"/>
</kw>
<kw name="Get In Arg" library="DOP.RPA.ProcessArgument">
<var>${LOOKUP_CODE}</var>
<arg>lookupCode</arg>
<msg timestamp="20220421 10:05:15.209" level="INFO">${LOOKUP_CODE} = {'name': 'lookupCode', 'type': 'String', 'direction': 'IN', 'value': None, 'description': 'Invoice Lookup Code', 'required': False}</msg>
<status status="PASS" starttime="20220421 10:05:15.209" endtime="20220421 10:05:15.209"/>
</kw>
<kw name="Run Keyword And Return Status" library="BuiltIn">
<var>${LOOKUP_CODE_IS_AVAILABLE}</var>
<arg>Dictionary Should Contain Key</arg>
<arg>${LOOKUP_CODE}</arg>
<arg>value</arg>
<arg>error=false</arg>
<doc>Runs the given keyword with given arguments and returns the status as a Boolean value.</doc>
<kw name="Dictionary Should Contain Key" library="Collections">
<arg>${LOOKUP_CODE}</arg>
<arg>value</arg>
<arg>error=false</arg>
<doc>Fails if ``key`` is not found from ``dictionary``.</doc>
<status status="PASS" starttime="20220421 10:05:15.211" endtime="20220421 10:05:15.211"/>
</kw>
<msg timestamp="20220421 10:05:15.212" level="INFO">${LOOKUP_CODE_IS_AVAILABLE} = True</msg>
<status status="PASS" starttime="20220421 10:05:15.210" endtime="20220421 10:05:15.212"/>
</kw>
<kw name="Set Variable If" library="BuiltIn">
<var>${LOOKUP_CODE_IS_AVAILABLE}</var>
<arg>${LOOKUP_CODE} is None</arg>
<arg>${False}</arg>
<arg>${True}</arg>
<doc>Sets variable based on the given condition.</doc>
<msg timestamp="20220421 10:05:15.213" level="INFO">${LOOKUP_CODE_IS_AVAILABLE} = True</msg>
<status status="PASS" starttime="20220421 10:05:15.212" endtime="20220421 10:05:15.214"/>
</kw>
<if>
<branch type="IF" condition="${LOOKUP_CODE_IS_AVAILABLE} == ${False}">
<kw name="OCR LookupCode">
<var>${LOOKUP_CODE}</var>
<arg>${INVOICE_FILE}[value]</arg>
<doc>Use OCR Service for looking LookupCode from raw image</doc>
<status status="NOT RUN" starttime="20220421 10:05:15.217" endtime="20220421 10:05:15.217"/>
</kw>
<status status="NOT RUN" starttime="20220421 10:05:15.216" endtime="20220421 10:05:15.217"/>
</branch>
<branch type="ELSE">
<kw name="Set Variable" library="BuiltIn">
<var>${LOOKUP_CODE}</var>
<arg>${LOOKUP_CODE}[value]</arg>
<doc>Returns the given values which can then be assigned to a variables.</doc>
<msg timestamp="20220421 10:05:15.220" level="INFO">${LOOKUP_CODE} = None</msg>
<status status="PASS" starttime="20220421 10:05:15.219" endtime="20220421 10:05:15.220"/>
</kw>
<status status="PASS" starttime="20220421 10:05:15.218" endtime="20220421 10:05:15.221"/>
</branch>
<status status="PASS" starttime="20220421 10:05:15.215" endtime="20220421 10:05:15.221"/>
</if>
<kw name="To Go Invoice Portal">
<kw name="Set Download Directory" library="RPA.Browser.Selenium">
<arg>${DOWNLOAD_FOLDER}</arg>
<doc>Set browser download directory</doc>
<msg timestamp="20220421 10:05:15.223" level="INFO">Download directory set to: C:\Users\Autohost-node2\Desktop\Robots\bkav-invoice-collector\download</msg>
<status status="PASS" starttime="20220421 10:05:15.222" endtime="20220421 10:05:15.223"/>
</kw>
<kw name="Open Chrome Browser" library="RPA.Browser.Selenium">
<arg>https://van.ehoadon.vn/TCHD</arg>
<arg>maximized=False</arg>
<arg>headless=False</arg>
<doc>Open Chrome browser. See ``Open Available Browser`` for
descriptions of arguments.</doc>
<msg timestamp="20220421 10:05:15.224" level="INFO">Creating an instance of the Chrome WebDriver.</msg>
<msg timestamp="20220421 10:05:15.260" level="INFO">Created download root directory: C:\Users\Autohost-node2\Desktop\dop\webdrivers</msg>
<msg timestamp="20220421 10:05:15.261" level="INFO">Created symlink directory: C:\Users\Autohost-node2\Desktop\dop\webdrivers</msg>
<msg timestamp="20220421 10:05:15.262" level="INFO">Creating an instance of the Chrome WebDriver.</msg>
<msg timestamp="20220421 10:05:16.551" level="INFO">Created Chrome browser with arguments: --disable-dev-shm-usage --disable-web-security --allow-running-insecure-content --no-sandbox</msg>
<msg timestamp="20220421 10:05:16.551" level="INFO" html="true">&lt;p&gt;Attempted combinations:&lt;/p&gt;&lt;div class="doc"&gt;&lt;table&gt;&lt;tr&gt;&lt;th&gt;Browser&lt;/th&gt;&lt;th&gt;Download&lt;/th&gt;&lt;th&gt;Error&lt;/th&gt;&lt;/tr&gt;&lt;tr&gt;&lt;td&gt;Chrome&lt;/td&gt;&lt;td&gt;False&lt;/td&gt;&lt;td&gt;Message: 'chromedriver' executable needs to be in PATH. Please see https://sites.google.com/a/chromium.org/chromedriver/home
&lt;/td&gt;&lt;/tr&gt;&lt;tr&gt;&lt;td&gt;Chrome&lt;/td&gt;&lt;td&gt;True&lt;/td&gt;&lt;td&gt;&lt;/td&gt;&lt;/tr&gt;&lt;/table&gt;&lt;/div&gt;</msg>
<msg timestamp="20220421 10:05:16.551" level="INFO">Opening url 'https://van.ehoadon.vn/TCHD'</msg>
<status status="PASS" starttime="20220421 10:05:15.223" endtime="20220421 10:05:18.179"/>
